Assuming unrestricted shared filesystem usage.
host: DESKTOP-VPSEKSF
Building DAG of jobs...
Using shell: /usr/bin/bash
Provided cores: 1 (use --cores to define parallelism)
Rules claiming more threads will be scaled down.
Job stats:
job      count
-----  -------
hello        1
total        1

Select jobs to execute...
Execute 1 jobs...
[Sat Oct 18 07:45:19 2025]
localrule hello:
    output: output.txt
    jobid: 0
    reason: Missing output files: output.txt
    resources: tmpdir=/tmp
[Sat Oct 18 07:45:20 2025]
Finished jobid: 0 (Rule: hello)
1 of 1 steps (100%) done
Complete log(s): /mnt/d/genomes/scripts/.snakemake/log/2025-10-18T074519.789440.snakemake.log
